#
# There is insufficient memory for the Java Runtime Environment to continue.
# Native memory allocation (mmap) failed to map 31457280 bytes for committing reserved memory.
# Possible reasons:
#   The system is out of physical RAM or swap space
#   In 32 bit mode, the process size limit was hit
# Possible solutions:
#   Reduce memory load on the system
#   Increase physical memory or swap space
#   Check if swap backing store is full
#   Use 64 bit Java on a 64 bit OS
#   Decrease Java heap size (-Xmx/-Xms)
#   Decrease number of Java threads
#   Decrease Java thread stack sizes (-Xss)
#   Set larger code cache with -XX:ReservedCodeCacheSize=
# This output file may be truncated or incomplete.
#
#  Out of Memory Error (os_linux.cpp:2643), pid=3391, tid=0x00007fc81817e700
#
# JRE version: OpenJDK Runtime Environment (8.0_151-b12) (build 1.8.0_151-8u151-b12-0ubuntu0.16.04.2-b12)
# Java VM: OpenJDK 64-Bit Server VM (25.151-b12 mixed mode linux-amd64 compressed oops)
# Failed to write core dump. Core dumps have been disabled. To enable core dumping, try "ulimit -c unlimited" before starting Java again
#

---------------  T H R E A D  ---------------

Current thread (0x00007fc8140fa000):  VMThread [stack: 0x00007fc81807e000,0x00007fc81817f000] [id=3398]

Stack: [0x00007fc81807e000,0x00007fc81817f000],  sp=0x00007fc81817d4c0,  free space=1021k
Native frames: (J=compiled Java code, j=interpreted, Vv=VM code, C=native code)
V  [libjvm.so+0xa684eb]
V  [libjvm.so+0x4c579c]
V  [libjvm.so+0x8b6b50]
V  [libjvm.so+0x8b0fce]
V  [libjvm.so+0x92b806]
V  [libjvm.so+0x92cb33]
V  [libjvm.so+0x9291fb]
V  [libjvm.so+0x9294ac]
V  [libjvm.so+0x8db3c3]
V  [libjvm.so+0xa6a192]
V  [libjvm.so+0xa6f277]
V  [libjvm.so+0xa6ca47]
V  [libjvm.so+0xa6decf]
V  [libjvm.so+0xa6e3c1]
V  [libjvm.so+0x8b4032]

VM_Operation (0x00007fc80170eb60): ParallelGCFailedAllocation, mode: safepoint, requested by thread 0x00007fc81483c000


---------------  P R O C E S S  ---------------

Java Threads: ( => current thread )
  0x00007fc81483c000 JavaThread "background-preinit" [_thread_blocked, id=3429, stack(0x00007fc801611000,0x00007fc801712000)]
  0x00007fc7cc047000 JavaThread "process reaper" daemon [_thread_blocked, id=3409, stack(0x00007fc801f3d000,0x00007fc801f76000)]
  0x00007fc8141f6000 JavaThread "ping-30s" daemon [_thread_blocked, id=3407, stack(0x00007fc8022e5000,0x00007fc8023e6000)]
  0x00007fc8141e9800 JavaThread "surefire-forkedjvm-command-thread" daemon [_thread_blocked, id=3406, stack(0x00007fc8025f0000,0x00007fc8026f1000)]
  0x00007fc814135800 JavaThread "Service Thread" daemon [_thread_blocked, id=3404, stack(0x00007fc8027f2000,0x00007fc8028f3000)]
  0x00007fc814133000 JavaThread "C1 CompilerThread1" daemon [_thread_blocked, id=3403, stack(0x00007fc8028f3000,0x00007fc8029f4000)]
  0x00007fc814130000 JavaThread "C2 CompilerThread0" daemon [_thread_blocked, id=3402, stack(0x00007fc8029f4000,0x00007fc802af5000)]
  0x00007fc81412e000 JavaThread "Signal Dispatcher" daemon [_thread_blocked, id=3401, stack(0x00007fc802af5000,0x00007fc802bf6000)]
  0x00007fc814106800 JavaThread "Finalizer" daemon [_thread_blocked, id=3400, stack(0x00007fc802ffe000,0x00007fc8030ff000)]
  0x00007fc814102000 JavaThread "Reference Handler" daemon [_thread_blocked, id=3399, stack(0x00007fc8030ff000,0x00007fc803200000)]
  0x00007fc81400a000 JavaThread "main" [_thread_blocked, id=3395, stack(0x00007fc81d519000,0x00007fc81d61a000)]

Other Threads:
=>0x00007fc8140fa000 VMThread [stack: 0x00007fc81807e000,0x00007fc81817f000] [id=3398]
  0x00007fc814144800 WatcherThread [stack: 0x00007fc8026f1000,0x00007fc8027f2000] [id=3405]

VM state:at safepoint (normal execution)

VM Mutex/Monitor currently owned by a thread:  ([mutex/lock_event])
[0x00007fc814006270] Threads_lock - owner thread: 0x00007fc8140fa000
[0x00007fc814006770] Heap_lock - owner thread: 0x00007fc81483c000

Heap:
 PSYoungGen      total 35328K, used 3566K [0x00000000ec000000, 0x00000000ee700000, 0x0000000100000000)
  eden space 30720K, 0% used [0x00000000ec000000,0x00000000ec000000,0x00000000ede00000)
  from space 4608K, 77% used [0x00000000ede00000,0x00000000ee17b968,0x00000000ee280000)
  to   space 4608K, 0% used [0x00000000ee280000,0x00000000ee280000,0x00000000ee700000)
 ParOldGen       total 40960K, used 6049K [0x00000000c4000000, 0x00000000c6800000, 0x00000000ec000000)
  object space 40960K, 14% used [0x00000000c4000000,0x00000000c45e87a8,0x00000000c6800000)
 Metaspace       used 17219K, capacity 17714K, committed 18048K, reserved 1064960K
  class space    used 2197K, capacity 2359K, committed 2432K, reserved 1048576K

Card table byte_map: [0x00007fc8199ef000,0x00007fc819bd0000] byte_map_base: 0x00007fc8193cf000

Marking Bits: (ParMarkBitMap*) 0x00007fc81c7e32c0
 Begin Bits: [0x00007fc803200000, 0x00007fc804100000)
 End Bits:   [0x00007fc804100000, 0x00007fc805000000)

Polling page: 0x00007fc81d637000

CodeCache: size=245760Kb used=4537Kb max_used=4547Kb free=241222Kb
 bounds [0x00007fc805000000, 0x00007fc805480000, 0x00007fc814000000]
 total_blobs=1761 nmethods=1395 adapters=281
 compilation: enabled

Compilation events (10 events):
Event: 49.279 Thread 0x00007fc814133000 nmethod 1491 0x00007fc805472950 code [0x00007fc805472ae0, 0x00007fc805472e28]
Event: 49.283 Thread 0x00007fc814130000 nmethod 1490 0x00007fc805472f90 code [0x00007fc805473140, 0x00007fc805473ea8]
Event: 49.284 Thread 0x00007fc814133000 1492       1       java.util.Collections::emptySet (4 bytes)
Event: 49.284 Thread 0x00007fc814133000 nmethod 1492 0x00007fc805456790 code [0x00007fc8054568e0, 0x00007fc8054569d0]
Event: 49.958 Thread 0x00007fc814133000 1493       3       java.lang.invoke.InnerClassLambdaMetafactory::getLoadOpcode (25 bytes)
Event: 49.959 Thread 0x00007fc814133000 nmethod 1493 0x00007fc80546b810 code [0x00007fc80546b9a0, 0x00007fc80546bbd8]
Event: 49.959 Thread 0x00007fc814133000 1494       3       java.lang.invoke.InnerClassLambdaMetafactory::getParameterSize (27 bytes)
Event: 49.959 Thread 0x00007fc814133000 nmethod 1494 0x00007fc80546b410 code [0x00007fc80546b580, 0x00007fc80546b7b0]
Event: 49.959 Thread 0x00007fc814133000 1495       3       jdk.internal.org.objectweb.asm.MethodWriter::visitTypeInsn (110 bytes)
Event: 49.960 Thread 0x00007fc814133000 nmethod 1495 0x00007fc80546ac10 code [0x00007fc80546adc0, 0x00007fc80546b1e8]

GC Heap History (10 events):
Event: 5.666 GC heap after
Heap after GC invocations=2 (full 0):
 PSYoungGen      total 17920K, used 2553K [0x00000000ec000000, 0x00000000ed400000, 0x0000000100000000)
  eden space 15360K, 0% used [0x00000000ec000000,0x00000000ec000000,0x00000000ecf00000)
  from space 2560K, 99% used [0x00000000ed180000,0x00000000ed3fe6c8,0x00000000ed400000)
  to   space 2560K, 0% used [0x00000000ecf00000,0x00000000ecf00000,0x00000000ed180000)
 ParOldGen       total 40960K, used 889K [0x00000000c4000000, 0x00000000c6800000, 0x00000000ec000000)
  object space 40960K, 2% used [0x00000000c4000000,0x00000000c40de780,0x00000000c6800000)
 Metaspace       used 9216K, capacity 9382K, committed 9728K, reserved 1058816K
  class space    used 1067K, capacity 1167K, committed 1280K, reserved 1048576K
}
Event: 7.476 GC heap before
{Heap before GC invocations=3 (full 0):
 PSYoungGen      total 17920K, used 17913K [0x00000000ec000000, 0x00000000ed400000, 0x0000000100000000)
  eden space 15360K, 100% used [0x00000000ec000000,0x00000000ecf00000,0x00000000ecf00000)
  from space 2560K, 99% used [0x00000000ed180000,0x00000000ed3fe6c8,0x00000000ed400000)
  to   space 2560K, 0% used [0x00000000ecf00000,0x00000000ecf00000,0x00000000ed180000)
 ParOldGen       total 40960K, used 889K [0x00000000c4000000, 0x00000000c6800000, 0x00000000ec000000)
  object space 40960K, 2% used [0x00000000c4000000,0x00000000c40de780,0x00000000c6800000)
 Metaspace       used 11131K, capacity 11504K, committed 11776K, reserved 1058816K
  class space    used 1315K, capacity 1430K, committed 1536K, reserved 1048576K
Event: 7.485 GC heap after
Heap after GC invocations=3 (full 0):
 PSYoungGen      total 17920K, used 2530K [0x00000000ec000000, 0x00000000ed400000, 0x0000000100000000)
  eden space 15360K, 0% used [0x00000000ec000000,0x00000000ec000000,0x00000000ecf00000)
  from space 2560K, 98% used [0x00000000ecf00000,0x00000000ed178ac0,0x00000000ed180000)
  to   space 2560K, 0% used [0x00000000ed180000,0x00000000ed180000,0x00000000ed400000)
 ParOldGen       total 40960K, used 2051K [0x00000000c4000000, 0x00000000c6800000, 0x00000000ec000000)
  object space 40960K, 5% used [0x00000000c4000000,0x00000000c4200ed0,0x00000000c6800000)
 Metaspace       used 11131K, capacity 11504K, committed 11776K, reserved 1058816K
  class space    used 1315K, capacity 1430K, committed 1536K, reserved 1048576K
}
Event: 17.639 GC heap before
{Heap before GC invocations=4 (full 0):
 PSYoungGen      total 17920K, used 17890K [0x00000000ec000000, 0x00000000ed400000, 0x0000000100000000)
  eden space 15360K, 100% used [0x00000000ec000000,0x00000000ecf00000,0x00000000ecf00000)
  from space 2560K, 98% used [0x00000000ecf00000,0x00000000ed178ac0,0x00000000ed180000)
  to   space 2560K, 0% used [0x00000000ed180000,0x00000000ed180000,0x00000000ed400000)
 ParOldGen       total 40960K, used 2051K [0x00000000c4000000, 0x00000000c6800000, 0x00000000ec000000)
  object space 40960K, 5% used [0x00000000c4000000,0x00000000c4200ed0,0x00000000c6800000)
 Metaspace       used 13021K, capacity 13328K, committed 13440K, reserved 1060864K
  class space    used 1557K, capacity 1650K, committed 1664K, reserved 1048576K
Event: 19.861 GC heap after
Heap after GC invocations=4 (full 0):
 PSYoungGen      total 17920K, used 2551K [0x00000000ec000000, 0x00000000ee300000, 0x0000000100000000)
  eden space 15360K, 0% used [0x00000000ec000000,0x00000000ec000000,0x00000000ecf00000)
  from space 2560K, 99% used [0x00000000ed180000,0x00000000ed3fdc78,0x00000000ed400000)
  to   space 2560K, 0% used [0x00000000ecf00000,0x00000000ecf00000,0x00000000ed180000)
 ParOldGen       total 40960K, used 3420K [0x00000000c4000000, 0x00000000c6800000, 0x00000000ec000000)
  object space 40960K, 8% used [0x00000000c4000000,0x00000000c4357180,0x00000000c6800000)
 Metaspace       used 13021K, capacity 13328K, committed 13440K, reserved 1060864K
  class space    used 1557K, capacity 1650K, committed 1664K, reserved 1048576K
}
Event: 35.734 GC heap before
{Heap before GC invocations=5 (full 0):
 PSYoungGen      total 17920K, used 17911K [0x00000000ec000000, 0x00000000ee300000, 0x0000000100000000)
  eden space 15360K, 100% used [0x00000000ec000000,0x00000000ecf00000,0x00000000ecf00000)
  from space 2560K, 99% used [0x00000000ed180000,0x00000000ed3fdc78,0x00000000ed400000)
  to   space 2560K, 0% used [0x00000000ecf00000,0x00000000ecf00000,0x00000000ed180000)
 ParOldGen       total 40960K, used 3420K [0x00000000c4000000, 0x00000000c6800000, 0x00000000ec000000)
  object space 40960K, 8% used [0x00000000c4000000,0x00000000c4357180,0x00000000c6800000)
 Metaspace       used 14496K, capacity 14978K, committed 15232K, reserved 1062912K
  class space    used 1737K, capacity 1887K, committed 1920K, reserved 1048576K
Event: 35.971 GC heap after
Heap after GC invocations=5 (full 0):
 PSYoungGen      total 17920K, used 2530K [0x00000000ec000000, 0x00000000ee700000, 0x0000000100000000)
  eden space 15360K, 0% used [0x00000000ec000000,0x00000000ec000000,0x00000000ecf00000)
  from space 2560K, 98% used [0x00000000ecf00000,0x00000000ed178ac0,0x00000000ed180000)
  to   space 4608K, 0% used [0x00000000ee280000,0x00000000ee280000,0x00000000ee700000)
 ParOldGen       total 40960K, used 4655K [0x00000000c4000000, 0x00000000c6800000, 0x00000000ec000000)
  object space 40960K, 11% used [0x00000000c4000000,0x00000000c448bcf8,0x00000000c6800000)
 Metaspace       used 14496K, capacity 14978K, committed 15232K, reserved 1062912K
  class space    used 1737K, capacity 1887K, committed 1920K, reserved 1048576K
}
Event: 41.895 GC heap before
{Heap before GC invocations=6 (full 0):
 PSYoungGen      total 17920K, used 17890K [0x00000000ec000000, 0x00000000ee700000, 0x0000000100000000)
  eden space 15360K, 100% used [0x00000000ec000000,0x00000000ecf00000,0x00000000ecf00000)
  from space 2560K, 98% used [0x00000000ecf00000,0x00000000ed178ac0,0x00000000ed180000)
  to   space 4608K, 0% used [0x00000000ee280000,0x00000000ee280000,0x00000000ee700000)
 ParOldGen       total 40960K, used 4655K [0x00000000c4000000, 0x00000000c6800000, 0x00000000ec000000)
  object space 40960K, 11% used [0x00000000c4000000,0x00000000c448bcf8,0x00000000c6800000)
 Metaspace       used 15501K, capacity 15970K, committed 16256K, reserved 1062912K
  class space    used 1929K, capacity 2061K, committed 2176K, reserved 1048576K
Event: 42.425 GC heap after
Heap after GC invocations=6 (full 0):
 PSYoungGen      total 35328K, used 3524K [0x00000000ec000000, 0x00000000ee700000, 0x0000000100000000)
  eden space 30720K, 0% used [0x00000000ec000000,0x00000000ec000000,0x00000000ede00000)
  from space 4608K, 76% used [0x00000000ee280000,0x00000000ee5f11d0,0x00000000ee700000)
  to   space 4608K, 0% used [0x00000000ede00000,0x00000000ede00000,0x00000000ee280000)
 ParOldGen       total 40960K, used 4655K [0x00000000c4000000, 0x00000000c6800000, 0x00000000ec000000)
  object space 40960K, 11% used [0x00000000c4000000,0x00000000c448bcf8,0x00000000c6800000)
 Metaspace       used 15501K, capacity 15970K, committed 16256K, reserved 1062912K
  class space    used 1929K, capacity 2061K, committed 2176K, reserved 1048576K
}
Event: 51.415 GC heap before
{Heap before GC invocations=7 (full 0):
 PSYoungGen      total 35328K, used 34244K [0x00000000ec000000, 0x00000000ee700000, 0x0000000100000000)
  eden space 30720K, 100% used [0x00000000ec000000,0x00000000ede00000,0x00000000ede00000)
  from space 4608K, 76% used [0x00000000ee280000,0x00000000ee5f11d0,0x00000000ee700000)
  to   space 4608K, 0% used [0x00000000ede00000,0x00000000ede00000,0x00000000ee280000)
 ParOldGen       total 40960K, used 4655K [0x00000000c4000000, 0x00000000c6800000, 0x00000000ec000000)
  object space 40960K, 11% used [0x00000000c4000000,0x00000000c448bcf8,0x00000000c6800000)
 Metaspace       used 17219K, capacity 17714K, committed 18048K, reserved 1064960K
  class space    used 2197K, capacity 2359K, committed 2432K, reserved 1048576K

Deoptimization events (7 events):
Event: 6.162 Thread 0x00007fc81400a000 Uncommon trap: reason=unstable_if action=reinterpret pc=0x00007fc8051d7438 method=java.lang.String.indexOf([CII[CIII)I @ 3
Event: 6.955 Thread 0x00007fc81400a000 Uncommon trap: reason=range_check action=make_not_entrant pc=0x00007fc8052cd900 method=sun.reflect.generics.parser.SignatureParser.current()C @ 34
Event: 7.675 Thread 0x00007fc81400a000 Uncommon trap: reason=unstable_if action=reinterpret pc=0x00007fc80531aab0 method=java.util.HashMap.hash(Ljava/lang/Object;)I @ 1
Event: 29.129 Thread 0x00007fc81483c000 Uncommon trap: reason=unstable_if action=reinterpret pc=0x00007fc8052a720c method=sun.net.www.ParseUtil.encodePath(Ljava/lang/String;Z)Ljava/lang/String; @ 109
Event: 38.735 Thread 0x00007fc81400a000 Uncommon trap: reason=predicate action=maybe_recompile pc=0x00007fc8053afa8c method=java.lang.String.regionMatches(ZILjava/lang/String;II)Z @ 63
Event: 41.692 Thread 0x00007fc81400a000 Uncommon trap: reason=unstable_if action=reinterpret pc=0x00007fc8053e975c method=java.net.URL.<init>(Ljava/net/URL;Ljava/lang/String;Ljava/net/URLStreamHandler;)V @ 347
Event: 46.766 Thread 0x00007fc81400a000 Uncommon trap: reason=null_assert action=make_not_entrant pc=0x00007fc80525db1c method=java.util.zip.ZipEntry.<init>(Ljava/util/zip/ZipEntry;)V @ 70

Internal exceptions (10 events):
Event: 7.662 Thread 0x00007fc81400a000 Implicit null exception at 0x00007fc80531aa18 to 0x00007fc80531aaa6
Event: 8.209 Thread 0x00007fc81400a000 Exception <a 'java/lang/NoSuchMethodError': java.lang.Object.lambda$identity$2(Ljava/lang/Object;)Ljava/lang/Object;> (0x00000000ec37cc60) thrown at [/build/openjdk-8-W2Qe27/openjdk-8-8u151-b12/src/hotspot/src/share/vm/interpreter/linkResolver.cpp, line 6
Event: 8.219 Thread 0x00007fc81400a000 Exception <a 'java/lang/NoSuchMethodError': java.lang.Object.lambda$static$0(CI)C> (0x00000000ec39ac38) thrown at [/build/openjdk-8-W2Qe27/openjdk-8-8u151-b12/src/hotspot/src/share/vm/interpreter/linkResolver.cpp, line 618]
Event: 8.220 Thread 0x00007fc81400a000 Exception <a 'java/lang/NoSuchMethodError': java.lang.Object.lambda$static$1(CI)C> (0x00000000ec39d6a0) thrown at [/build/openjdk-8-W2Qe27/openjdk-8-8u151-b12/src/hotspot/src/share/vm/interpreter/linkResolver.cpp, line 618]
Event: 8.598 Thread 0x00007fc81400a000 Exception <a 'java/lang/NoClassDefFoundError': org/reactivestreams/Publisher> (0x00000000ec629420) thrown at [/build/openjdk-8-W2Qe27/openjdk-8-8u151-b12/src/hotspot/src/share/vm/classfile/systemDictionary.cpp, line 199]
Event: 8.600 Thread 0x00007fc81400a000 Exception <a 'java/lang/NoClassDefFoundError': rx/Observable> (0x00000000ec639f78) thrown at [/build/openjdk-8-W2Qe27/openjdk-8-8u151-b12/src/hotspot/src/share/vm/classfile/systemDictionary.cpp, line 199]
Event: 8.601 Thread 0x00007fc81400a000 Exception <a 'java/lang/NoClassDefFoundError': org/reactivestreams/Publisher> (0x00000000ec64dd30) thrown at [/build/openjdk-8-W2Qe27/openjdk-8-8u151-b12/src/hotspot/src/share/vm/classfile/systemDictionary.cpp, line 199]
Event: 33.333 Thread 0x00007fc81400a000 Exception <a 'java/lang/NoSuchMethodError': java.lang.Object.lambda$chars$0()Ljava/util/Spliterator$OfInt;> (0x00000000ece21780) thrown at [/build/openjdk-8-W2Qe27/openjdk-8-8u151-b12/src/hotspot/src/share/vm/interpreter/linkResolver.cpp, line 618]
Event: 39.652 Thread 0x00007fc81483c000 Exception <a 'java/lang/NoSuchMethodError': java.lang.Object.forClass(Ljava/lang/Class;)Lorg/hibernate/validator/internal/engine/constraintvalidation/ConstraintValidatorDescriptor;> (0x00000000ec53dce8) thrown at [/build/openjdk-8-W2Qe27/openjdk-8-8u151-b
Event: 46.346 Thread 0x00007fc81400a000 Exception <a 'java/io/FileNotFoundException'> (0x00000000ed3c0bd0) thrown at [/build/openjdk-8-W2Qe27/openjdk-8-8u151-b12/src/hotspot/src/share/vm/prims/jni.cpp, line 709]

Events (10 events):
Event: 50.349 loading class org/hibernate/validator/internal/metadata/location/BeanConstraintLocation done
Event: 50.760 loading class org/hibernate/validator/internal/metadata/raw/BeanConfiguration
Event: 50.760 loading class org/hibernate/validator/internal/metadata/raw/BeanConfiguration done
Event: 50.782 loading class javax/validation/GroupSequence
Event: 50.822 loading class javax/validation/GroupSequence done
Event: 50.925 loading class org/hibernate/validator/group/GroupSequenceProvider
Event: 50.925 loading class org/hibernate/validator/group/GroupSequenceProvider done
Event: 51.231 loading class org/hibernate/validator/internal/engine/ValidatorImpl
Event: 51.231 loading class org/hibernate/validator/internal/engine/ValidatorImpl done
Event: 51.365 Executing VM operation: ParallelGCFailedAllocation


Dynamic libraries:
00400000-00401000 r-xp 00000000 08:02 2627293                            /usr/lib/jvm/java-8-openjdk-amd64/jre/bin/java
00600000-00601000 r--p 00000000 08:02 2627293                            /usr/lib/jvm/java-8-openjdk-amd64/jre/bin/java
00601000-00602000 rw-p 00001000 08:02 2627293                            /usr/lib/jvm/java-8-openjdk-amd64/jre/bin/java
0258e000-025af000 rw-p 00000000 00:00 0                                  [heap]
c4000000-c6800000 rw-p 00000000 00:00 0 
c6800000-ec000000 ---p 00000000 00:00 0 
ec000000-ee700000 rw-p 00000000 00:00 0 
f0500000-100000000 ---p 00000000 00:00 0 
100000000-100260000 rw-p 00000000 00:00 0 
100260000-140000000 ---p 00000000 00:00 0 
7fc7c4000000-7fc7c40ee000 rw-p 00000000 00:00 0 
7fc7c40ee000-7fc7c8000000 ---p 00000000 00:00 0 
7fc7c8fff000-7fc7cc000000 rw-p 00000000 00:00 0 
7fc7cc000000-7fc7cc070000 rw-p 00000000 00:00 0 
7fc7cc070000-7fc7d0000000 ---p 00000000 00:00 0 
7fc7d0000000-7fc7d0021000 rw-p 00000000 00:00 0 
7fc7d0021000-7fc7d4000000 ---p 00000000 00:00 0 
7fc7d4000000-7fc7d4021000 rw-p 00000000 00:00 0 
7fc7d4021000-7fc7d8000000 ---p 00000000 00:00 0 
7fc7d8000000-7fc7d8021000 rw-p 00000000 00:00 0 
7fc7d8021000-7fc7dc000000 ---p 00000000 00:00 0 
7fc7dc000000-7fc7dc301000 rw-p 00000000 00:00 0 
7fc7dc301000-7fc7e0000000 ---p 00000000 00:00 0 
7fc7e0000000-7fc7e0021000 rw-p 00000000 00:00 0 
7fc7e0021000-7fc7e4000000 ---p 00000000 00:00 0 
7fc7e4000000-7fc7e4021000 rw-p 00000000 00:00 0 
7fc7e4021000-7fc7e8000000 ---p 00000000 00:00 0 
7fc7e8000000-7fc7e866f000 rw-p 00000000 00:00 0 
7fc7e866f000-7fc7ec000000 ---p 00000000 00:00 0 
7fc7ec000000-7fc7ec021000 rw-p 00000000 00:00 0 
7fc7ec021000-7fc7f0000000 ---p 00000000 00:00 0 
7fc7f0000000-7fc7f0021000 rw-p 00000000 00:00 0 
7fc7f0021000-7fc7f4000000 ---p 00000000 00:00 0 
7fc7f4000000-7fc7f4021000 rw-p 00000000 00:00 0 
7fc7f4021000-7fc7f8000000 ---p 00000000 00:00 0 
7fc7f8000000-7fc7f8029000 rw-p 00000000 00:00 0 
7fc7f8029000-7fc7fc000000 ---p 00000000 00:00 0 
7fc7fc000000-7fc7fc022000 rw-p 00000000 00:00 0 
7fc7fc022000-7fc800000000 ---p 00000000 00:00 0 
7fc801211000-7fc801351000 rw-p 00000000 00:00 0 
7fc801351000-7fc801411000 ---p 00000000 00:00 0 
7fc801411000-7fc801611000 rw-p 00000000 00:00 0 
7fc801611000-7fc801614000 ---p 00000000 00:00 0 
7fc801614000-7fc801912000 rw-p 00000000 00:00 0 
7fc801912000-7fc801929000 r-xp 00000000 08:02 2627244                    /usr/lib/jvm/java-8-openjdk-amd64/jre/lib/amd64/libnet.so
7fc801929000-7fc801b28000 ---p 00017000 08:02 2627244                    /usr/lib/jvm/java-8-openjdk-amd64/jre/lib/amd64/libnet.so
7fc801b28000-7fc801b29000 r--p 00016000 08:02 2627244                    /usr/lib/jvm/java-8-openjdk-amd64/jre/lib/amd64/libnet.so
7fc801b29000-7fc801b2a000 rw-p 00017000 08:02 2627244                    /usr/lib/jvm/java-8-openjdk-amd64/jre/lib/amd64/libnet.so
7fc801b2a000-7fc801b3b000 r-xp 00000000 08:02 2627258                    /usr/lib/jvm/java-8-openjdk-amd64/jre/lib/amd64/libnio.so
7fc801b3b000-7fc801d3b000 ---p 00011000 08:02 2627258                    /usr/lib/jvm/java-8-openjdk-amd64/jre/lib/amd64/libnio.so
7fc801d3b000-7fc801d3c000 r--p 00011000 08:02 2627258                    /usr/lib/jvm/java-8-openjdk-amd64/jre/lib/amd64/libnio.so
7fc801d3c000-7fc801d3d000 rw-p 00012000 08:02 2627258                    /usr/lib/jvm/java-8-openjdk-amd64/jre/lib/amd64/libnio.so
7fc801d3d000-7fc801f3d000 rw-p 00000000 00:00 0 
7fc801f3d000-7fc801f40000 ---p 00000000 00:00 0 
7fc801f40000-7fc801f76000 rw-p 00000000 00:00 0 
7fc801f76000-7fc801f79000 r--s 00012000 08:02 920572                     /home/denis/.m2/repository/org/apache/maven/surefire/surefire-junit4/2.20.1/surefire-junit4-2.20.1.jar
7fc801f79000-7fc801f87000 r--s 0006b000 08:02 920708                     /home/denis/.m2/repository/org/springframework/security/spring-security-web/5.0.3.RELEASE/spring-security-web-5.0.3.RELEASE.jar
7fc801f87000-7fc801f94000 r--s 0005b000 08:02 920706                     /home/denis/.m2/repository/org/springframework/security/spring-security-core/5.0.3.RELEASE/spring-security-core-5.0.3.RELEASE.jar
7fc801f94000-7fc801f9f000 r--s 0009e000 08:02 920704                     /home/denis/.m2/repository/org/springframework/security/spring-security-config/5.0.3.RELEASE/spring-security-config-5.0.3.RELEASE.jar
7fc801f9f000-7fc801fa8000 r--s 0004f000 08:02 919188                     /home/denis/.m2/repository/org/springframework/spring-aop/5.0.4.RELEASE/spring-aop-5.0.4.RELEASE.jar
7fc801fa8000-7fc801fa9000 r--s 00000000 08:02 659654                     /home/denis/.m2/repository/org/springframework/boot/spring-boot-starter-security/2.0.0.RELEASE/spring-boot-starter-security-2.0.0.RELEASE.jar
7fc801fa9000-7fc801fae000 r--s 0003a000 08:02 920682                     /home/denis/.m2/repository/org/apache/tomcat/embed/tomcat-embed-websocket/8.5.28/tomcat-embed-websocket-8.5.28.jar
7fc801fae000-7fc801fb2000 r--s 00037000 08:02 920670                     /home/denis/.m2/repository/org/apache/tomcat/embed/tomcat-embed-el/8.5.28/tomcat-embed-el-8.5.28.jar
7fc801fb2000-7fc801fdc000 r--s 002ce000 08:02 920658                     /home/denis/.m2/repository/org/apache/tomcat/embed/tomcat-embed-core/8.5.28/tomcat-embed-core-8.5.28.jar
7fc801fdc000-7fc801fdd000 r--s 00000000 08:02 920630                     /home/denis/.m2/repository/org/springframework/boot/spring-boot-starter-tomcat/2.0.0.RELEASE/spring-boot-starter-tomcat-2.0.0.RELEASE.jar
7fc801fdd000-7fc801fe2000 r--s 0003c000 08:02 919195                     /home/denis/.m2/repository/org/springframework/spring-expression/5.0.4.RELEASE/spring-expression-5.0.4.RELEASE.jar
7fc801fe2000-7fc801ff1000 r--s 000b0000 08:02 920626                     /home/denis/.m2/repository/org/springframework/spring-webmvc/5.0.4.RELEASE/spring-webmvc-5.0.4.RELEASE.jar
7fc801ff1000-7fc80200b000 r--s 00116000 08:02 920616                     /home/denis/.m2/repository/org/springframework/spring-web/5.0.4.RELEASE/spring-web-5.0.4.RELEASE.jar
7fc80200b000-7fc802010000 r--s 00012000 08:02 920653                     /home/denis/.m2/repository/javax/validation/validation-api/2.0.1.Final/validation-api-2.0.1.Final.jar
7fc802010000-7fc80202c000 r--s 000f5000 08:02 920676                     /home/denis/.m2/repository/org/hibernate/validator/hibernate-validator/6.0.7.Final/hibernate-validator-6.0.7.Final.jar
7fc80202c000-7fc80202e000 r--s 00001000 08:02 659750                     /home/denis/.m2/repository/com/fasterxml/jackson/module/jackson-module-parameter-names/2.9.4/jackson-module-parameter-names-2.9.4.jar
7fc80202e000-7fc802030000 r--s 00016000 08:02 659748                     /home/denis/.m2/repository/com/fasterxml/jackson/datatype/jackson-datatype-jsr310/2.9.4/jackson-datatype-jsr310-2.9.4.jar
7fc802030000-7fc802032000 r--s 00007000 08:02 659746                     /home/denis/.m2/repository/com/fasterxml/jackson/datatype/jackson-datatype-jdk8/2.9.4/jackson-datatype-jdk8-2.9.4.jar
7fc802032000-7fc802036000 r--s 0004b000 08:02 920678                     /home/denis/.m2/repository/com/fasterxml/jackson/core/jackson-core/2.9.4/jackson-core-2.9.4.jar
7fc802036000-7fc802039000 r--s 0000e000 08:02 920672                     /home/denis/.m2/repository/com/fasterxml/jackson/core/jackson-annotations/2.9.0/jackson-annotations-2.9.0.jar
7fc802039000-7fc80204c000 r--s 00136000 08:02 920674                     /home/denis/.m2/repository/com/fasterxml/jackson/core/jackson-databind/2.9.4/jackson-databind-2.9.4.jar
7fc80204c000-7fc80204d000 r--s 00000000 08:02 659737                     /home/denis/.m2/repository/org/springframework/boot/spring-boot-starter-json/2.0.0.RELEASE/spring-boot-starter-json-2.0.0.RELEASE.jar
7fc80204d000-7fc80204e000 r--s 00000000 08:02 920601                     /home/denis/.m2/repository/org/springframework/boot/spring-boot-starter-web/2.0.0.RELEASE/spring-boot-starter-web-2.0.0.RELEASE.jar
7fc80204e000-7fc80206e000 r--s 000f8000 08:02 919204                     /home/denis/.m2/repository/org/springframework/boot/spring-boot-autoconfigure/2.0.0.RELEASE/spring-boot-autoconfigure-2.0.0.RELEASE.jar
7fc80206e000-7fc802073000 r--s 00022000 08:02 919266                     /home/denis/.m2/repository/org/xmlunit/xmlunit-core/2.5.1/xmlunit-core-2.5.1.jar
7fc802073000-7fc802081000 r--s 00083000 08:02 919212                     /home/denis/.m2/repository/org/springframework/spring-test/5.0.4.RELEASE/spring-test-5.0.4.RELEASE.jar
7fc802081000-7fc802082000 r--s 00004000 08:02 655720                     /home/denis/.m2/repository/com/vaadin/external/google/android-json/0.0.20131108.vaadin1/android-json-0.0.20131108.vaadin1.jar
7fc802082000-7fc802084000 r--s 00006000 08:02 919264                     /home/denis/.m2/repository/org/skyscreamer/jsonassert/1.5.0/jsonassert-1.5.0.jar
7fc802084000-7fc802085000 r--s 0000c000 08:02 655716                     /home/denis/.m2/repository/org/hamcrest/hamcrest-library/1.3/hamcrest-library-1.3.jar
7fc802085000-7fc802087000 r--s 00009000 08:02 655677                     /home/denis/.m2/repository/org/hamcrest/hamcrest-core/1.3/hamcrest-core-1.3.jar
7fc802087000-7fc802089000 r--s 0000c000 08:02 919262                     /home/denis/.m2/repository/org/objenesis/objenesis/2.6/objenesis-2.6.jar
7fc802089000-7fc80208b000 r--s 00009000 08:02 919260                     /home/denis/.m2/repository/net/bytebuddy/byte-buddy-agent/1.7.10/byte-buddy-agent-1.7.10.jar
7fc80208b000-7fc8020c8000 r--s 0028f000 08:02 919258                     /home/denis/.m2/repository/net/bytebuddy/byte-buddy/1.7.10/byte-buddy-1.7.10.jar
7fc8020c8000-7fc8020d8000 r--s 00075000 08:02 919256                     /home/denis/.m2/repository/org/mockito/mockito-core/2.15.0/mockito-core-2.15.0.jar
7fc8020d8000-7fc80212d000 r--s 00367000 08:02 919254                     /home/denis/.m2/repository/org/assertj/assertj-core/3.9.1/assertj-core-3.9.1.jar
7fc80212d000-7fc802135000 r--s 00045000 08:02 655708                     /home/denis/.m2/repository/junit/junit/4.12/junit-4.12.jar
7fc802135000-7fc802137000 r--s 0000c000 08:02 919252                     /home/denis/.m2/repository/org/ow2/asm/asm/5.0.4/asm-5.0.4.jar
7fc802137000-7fc802139000 r--s 00006000 08:02 919250                     /home/denis/.m2/repository/net/minidev/accessors-smart/1.2/accessors-smart-1.2.jar
7fc802139000-7fc80213c000 r--s 0001b000 08:02 919248                     /home/denis/.m2/repository/net/minidev/json-smart/2.3/json-smart-2.3.jar
7fc80213c000-7fc802142000 r--s 00031000 08:02 919246                     /home/denis/.m2/repository/com/jayway/jsonpath/json-path/2.4.0/json-path-2.4.0.jar
7fc802142000-7fc802149000 r--s 00020000 08:02 919189                     /home/denis/.m2/repository/org/springframework/boot/spring-boot-test-autoconfigure/2.0.0.RELEASE/spring-boot-test-autoconfigure-2.0.0.RELEASE.jar
7fc802149000-7fc80214e000 r--s 0002b000 08:02 919183                     /home/denis/.m2/repository/org/springframework/boot/spring-boot-test/2.0.0.RELEASE/spring-boot-test-2.0.0.RELEASE.jar
7fc80214e000-7fc80214f000 r--s 00000000 08:02 919193                     /home/denis/.m2/repository/org/springframework/boot/spring-boot-starter-test/2.0.0.RELEASE/spring-boot-starter-test-2.0.0.RELEASE.jar
7fc80214f000-7fc802159000 r--s 000eb000 08:02 787302                     /home/denis/.m2/repository/mysql/mysql-connector-java/5.1.45/mysql-connector-java-5.1.45.jar
7fc802159000-7fc80215f000 r--s 0002d000 08:02 920600                     /home/denis/.m2/repository/org/springframework/boot/spring-boot-devtools/2.0.0.RELEASE/spring-boot-devtools-2.0.0.RELEASE.jar
7fc80215f000-7fc802160000 r--s 00009000 08:02 920664                     /home/denis/.m2/repository/org/thymeleaf/extras/thymeleaf-extras-java8time/3.0.1.RELEASE/thymeleaf-extras-java8time-3.0.1.RELEASE.jar
7fc802160000-7fc802163000 r--s 00026000 08:02 920662                     /home/denis/.m2/repository/org/unbescape/unbescape/1.1.5.RELEASE/unbescape-1.1.5.RELEASE.jar
7fc802163000-7fc802167000 r--s 00035000 08:02 920655                     /home/denis/.m2/repository/org/attoparser/attoparser/2.0.4.RELEASE/attoparser-2.0.4.RELEASE.jar
7fc802167000-7fc802177000 r--s 000c5000 08:02 920660                     /home/denis/.m2/repository/org/thymeleaf/thymeleaf/3.0.9.RELEASE/thymeleaf-3.0.9.RELEASE.jar
7fc802177000-7fc80217b000 r--s 00027000 08:02 920656                     /home/denis/.m2/repository/org/thymeleaf/thymeleaf-spring5/3.0.9.RELEASE/thymeleaf-spring5-3.0.9.RELEASE.jar
7fc80217b000-7fc80217c000 r--s 00000000 08:02 920623                     /home/denis/.m2/repository/org/springframework/boot/spring-boot-starter-thymeleaf/2.0.0.RELEASE/spring-boot-starter-thymeleaf-2.0.0.RELEASE.jar
7fc80217c000-7fc80217f000 r--s 00008000 08:02 920610                     /home/denis/.m2/repository/org/springframework/spring-aspects/5.0.4.RELEASE/spring-aspects-5.0.4.RELEASE.jar
7fc80217f000-7fc802181000 r--s 00009000 08:02 655699                     /home/denis/.m2/repository/org/slf4j/slf4j-api/1.7.25/slf4j-api-1.7.25.jar
7fc802181000-7fc80218d000 r--s 00094000 08:02 919192                     /home/denis/.m2/repository/org/springframework/spring-beans/5.0.4.RELEASE/spring-beans-5.0.4.RELEASE.jar
7fc80218d000-7fc802194000 r--s 00036000 08:02 920617                     /home/denis/.m2/repository/org/springframework/spring-tx/5.0.4.RELEASE/spring-tx-5.0.4.RELEASE.jar
7fc802194000-7fc802198000 r--s 0002a000 08:02 920593                     /home/denis/.m2/repository/org/springframework/spring-orm/5.0.4.RELEASE/spring-orm-5.0.4.RELEASE.jar
7fc802198000-7fc8021af000 r--s 000ed000 08:02 920606                     /home/denis/.m2/repository/org/springframework/data/spring-data-commons/2.0.5.RELEASE/spring-data-commons-2.0.5.RELEASE.jar
7fc8021af000-7fc8021b6000 r--s 00049000 08:02 920615                     /home/denis/.m2/repository/org/springframework/data/spring-data-jpa/2.0.5.RELEASE/spring-data-jpa-2.0.5.RELEASE.jar
7fc8021b6000-7fc8021b8000 r--s 00006000 08:02 786877                     /home/denis/.m2/repository/javax/transaction/javax.transaction-api/1.2/javax.transaction-api-1.2.jar
7fc8021b8000-7fc8021bb000 r--s 00010000 08:02 786850                     /home/denis/.m2/repository/org/hibernate/common/hibernate-commons-annotations/5.0.1.Final/hibernate-commons-annotations-5.0.1.Final.jar
7fc8021bb000-7fc8021c0000 r--s 00048000 08:02 786838                     /home/denis/.m2/repository/dom4j/dom4j/1.6.1/dom4j-1.6.1.jar
7fc8021c0000-7fc8021c2000 r--s 0000e000 08:02 787320                     /home/denis/.m2/repository/com/fasterxml/classmate/1.3.4/classmate-1.3.4.jar
7fc8021c2000-7fc8021c5000 r--s 0002b000 08:02 920654                     /home/denis/.m2/repository/org/jboss/jandex/2.0.3.Final/jandex-2.0.3.Final.jar
7fc8021c5000-7fc8021ca000 r--s 00068000 08:02 658600                     /home/denis/.m2/repository/antlr/antlr/2.7.7/antlr-2.7.7.jar
7fc8021ca000-7fc8021d4000 r--s 000ab000 08:02 920652                     /home/denis/.m2/repository/org/javassist/javassist/3.22.0-GA/javassist-3.22.0-GA.jar
7fc8021d4000-7fc8021d9000 r--s 00017000 08:02 786859                     /home/denis/.m2/repository/org/hibernate/javax/persistence/hibernate-jpa-2.1-api/1.0.0.Final/hibernate-jpa-2.1-api-1.0.0.Final.jar
7fc8021d9000-7fc8021db000 r--s 0000f000 08:02 920680                     /home/denis/.m2/repository/org/jboss/logging/jboss-logging/3.3.2.Final/jboss-logging-3.3.2.Final.jar
7fc8021db000-7fc802259000 r--s 005ec000 08:02 920648                     /home/denis/.m2/repository/org/hibernate/hibernate-core/5.2.14.Final/hibernate-core-5.2.14.Final.jar
7fc802259000-7fc802262000 r--s 00057000 08:02 920620                     /home/denis/.m2/repository/org/springframework/spring-jdbc/5.0.4.RELEASE/spring-jdbc-5.0.4.RELEASE.jar
7fc802262000-7fc802265000 r--s 00020000 08:02 659744                     /home/denis/.m2/repository/com/zaxxer/HikariCP/2.7.8/HikariCP-2.7.8.jar
7fc802265000-7fc802266000 r--s 00000000 08:02 920584                     /home/denis/.m2/repository/org/springframework/boot/spring-boot-starter-jdbc/2.0.0.RELEASE/spring-boot-starter-jdbc-2.0.0.RELEASE.jar
7fc802266000-7fc80227f000 r--s 001bf000 08:02 787311                     /home/denis/.m2/repository/org/aspectj/aspectjweaver/1.8.13/aspectjweaver-1.8.13.jar
7fc80227f000-7fc802280000 r--s 00000000 08:02 920596                     /home/denis/.m2/repository/org/springframework/boot/spring-boot-starter-aop/2.0.0.RELEASE/spring-boot-starter-aop-2.0.0.RELEASE.jar
7fc802280000-7fc802281000 r--s 00000000 08:02 659736                     /home/denis/.m2/repository/org/springframework/boot/spring-boot-starter-data-jpa/2.0.0.RELEASE/spring-boot-starter-data-jpa-2.0.0.RELEASE.jar
7fc802281000-7fc8022b5000 r--s 00245000 08:02 920473                     /home/denis/.m2/repository/org/jetbrains/kotlin/kotlin-reflect/1.2.30/kotlin-reflect-1.2.30.jar
7fc8022b5000-7fc8022b6000 r--s 00000000 08:02 920437                     /home/denis/.m2/repository/org/jetbrains/kotlin/kotlin-stdlib-jdk7/1.2.30/kotlin-stdlib-jdk7-1.2.30.jar
7fc8022b6000-7fc8022b8000 r--s 00003000 08:02 788194                     /home/denis/.m2/repository/org/jetbrains/annotations/13.0/annotations-13.0.jar
7fc8022b8000-7fc8022c7000 r--s 000d7000 08:02 920441                     /home/denis/.m2/repository/org/jetbrains/kotlin/kotlin-stdlib/1.2.30/kotlin-stdlib-1.2.30.jar
7fc8022c7000-7fc8022ce000 r--s 00042000 08:02 919238                     /home/denis/.m2/repository/org/yaml/snakeyaml/1.19/snakeyaml-1.19.jar
7fc8022ce000-7fc8022e5000 r--s 00112000 08:02 919197                     /home/denis/.m2/repository/org/springframework/spring-core/5.0.4.RELEASE/spring-core-5.0.4.RELEASE.jar
7fc8022e5000-7fc8022e8000 ---p 00000000 00:00 0 
7fc8022e8000-7fc8023e6000 rw-p 00000000 00:00 0 
7fc8023e6000-7fc8023ef000 r-xp 00000000 08:02 2627223                    /usr/lib/jvm/java-8-openjdk-amd64/jre/lib/amd64/libmanagement.so
7fc8023ef000-7fc8025ee000 ---p 00009000 08:02 2627223                    /usr/lib/jvm/java-8-openjdk-amd64/jre/lib/amd64/libmanagement.so
7fc8025ee000-7fc8025ef000 r--p 00008000 08:02 2627223                    /usr/lib/jvm/java-8-openjdk-amd64/jre/lib/amd64/libmanagement.so
7fc8025ef000-7fc8025f0000 rw-p 00009000 08:02 2627223                    /usr/lib/jvm/java-8-openjdk-amd64/jre/lib/amd64/libmanagement.so
7fc8025f0000-7fc8025f3000 ---p 00000000 00:00 0 
7fc8025f3000-7fc8026f1000 rw-p 00000000 00:00 0 
7fc8026f1000-7fc8026f2000 ---p 00000000 00:00 0 
7fc8026f2000-7fc8027f2000 rw-p 00000000 00:00 0 
7fc8027f2000-7fc8027f5000 ---p 00000000 00:00 0 
7fc8027f5000-7fc8028f3000 rw-p 00000000 00:00 0 
7fc8028f3000-7fc8028f6000 ---p 00000000 00:00 0 
7fc8028f6000-7fc8029f4000 rw-p 00000000 00:00 0 
7fc8029f4000-7fc8029f7000 ---p 00000000 00:00 0 
7fc8029f7000-7fc802af5000 rw-p 00000000 00:00 0 
7fc802af5000-7fc802af8000 ---p 00000000 00:00 0 
7fc802af8000-7fc802bf6000 rw-p 00000000 00:00 0 
7fc802bf6000-7fc802ffe000 r--p 00000000 08:02 2623313                    /usr/lib/locale/locale-archive
7fc802ffe000-7fc803001000 ---p 00000000 00:00 0 
7fc803001000-7fc8030ff000 rw-p 00000000 00:00 0 
7fc8030ff000-7fc803102000 ---p 00000000 00:00 0 
7fc803102000-7fc805000000 rw-p 00000000 00:00 0 
7fc805000000-7fc805480000 rwxp 00000000 00:00 0 
7fc805480000-7fc814000000 ---p 00000000 00:00 0 
7fc814000000-7fc8148c4000 rw-p 00000000 00:00 0 
7fc8148c4000-7fc818000000 ---p 00000000 00:00 0 
7fc818000000-7fc818002000 r--s 00002000 08:02 920439                     /home/denis/.m2/repository/org/jetbrains/kotlin/kotlin-stdlib-jdk8/1.2.30/kotlin-stdlib-jdk8-1.2.30.jar
7fc818002000-7fc818003000 r--s 00003000 08:02 919206                     /home/denis/.m2/repository/org/springframework/spring-jcl/5.0.4.RELEASE/spring-jcl-5.0.4.RELEASE.jar
7fc818003000-7fc818005000 r--s 00005000 08:02 919236                     /home/denis/.m2/repository/javax/annotation/javax.annotation-api/1.3.2/javax.annotation-api-1.3.2.jar
7fc818005000-7fc818007000 r--s 00000000 08:02 655686                     /home/denis/.m2/repository/org/slf4j/jul-to-slf4j/1.7.25/jul-to-slf4j-1.7.25.jar
7fc818007000-7fc81800d000 r--s 00039000 08:02 919232                     /home/denis/.m2/repository/org/apache/logging/log4j/log4j-api/2.10.0/log4j-api-2.10.0.jar
7fc81800d000-7fc81800f000 r--s 00003000 08:02 919234                     /home/denis/.m2/repository/org/apache/logging/log4j/log4j-to-slf4j/2.10.0/log4j-to-slf4j-2.10.0.jar
7fc81800f000-7fc81801a000 r--s 00069000 08:02 919230                     /home/denis/.m2/repository/ch/qos/logback/logback-core/1.2.3/logback-core-1.2.3.jar
7fc81801a000-7fc818020000 r--s 00041000 08:02 919228                     /home/denis/.m2/repository/ch/qos/logback/logback-classic/1.2.3/logback-classic-1.2.3.jar
7fc818020000-7fc81803a000 r--s 000ee000 08:02 919180                     /home/denis/.m2/repository/org/springframework/spring-context/5.0.4.RELEASE/spring-context-5.0.4.RELEASE.jar
7fc81803a000-7fc81804f000 r--s 000cd000 08:02 919185                     /home/denis/.m2/repository/org/springframework/boot/spring-boot/2.0.0.RELEASE/spring-boot-2.0.0.RELEASE.jar
7fc81804f000-7fc818054000 r--s 00028000 08:02 919672                     /home/denis/.m2/repository/org/apache/maven/surefire/surefire-api/2.20.1/surefire-api-2.20.1.jar
7fc818054000-7fc818059000 r--s 0003d000 08:02 919676                     /home/denis/.m2/repository/org/apache/maven/surefire/surefire-booter/2.20.1/surefire-booter-2.20.1.jar
7fc818059000-7fc818074000 r--s 00394000 08:02 2627199                    /usr/lib/jvm/java-8-openjdk-amd64/jre/lib/ext/cldrdata.jar
7fc818074000-7fc81807e000 r--s 00116000 08:02 2627204                    /usr/lib/jvm/java-8-openjdk-amd64/jre/lib/ext/localedata.jar
7fc81807e000-7fc81807f000 ---p 00000000 00:00 0 
7fc81807f000-7fc818a88000 rw-p 00000000 00:00 0 
7fc818a88000-7fc818c57000 r--s 03c21000 08:02 2627182                    /usr/lib/jvm/java-8-openjdk-amd64/jre/lib/rt.jar
7fc818c57000-7fc8196ad000 rw-p 00000000 00:00 0 
7fc8196ad000-7fc8196ae000 ---p 00000000 00:00 0 
7fc8196ae000-7fc8197ae000 rw-p 00000000 00:00 0 
7fc8197ae000-7fc8197af000 ---p 00000000 00:00 0 
7fc8197af000-7fc8198c3000 rw-p 00000000 00:00 0 
7fc8198c3000-7fc8199ef000 ---p 00000000 00:00 0 
7fc8199ef000-7fc819a03000 rw-p 00000000 00:00 0 
7fc819a03000-7fc819b2f000 ---p 00000000 00:00 0 
7fc819b2f000-7fc819b43000 rw-p 00000000 00:00 0 
7fc819b43000-7fc819bcf000 ---p 00000000 00:00 0 
7fc819bcf000-7fc819be2000 rw-p 00000000 00:00 0 
7fc819be2000-7fc819f90000 ---p 00000000 00:00 0 
7fc819f90000-7fc819f98000 r-xp 00000000 08:02 2627251                    /usr/lib/jvm/java-8-openjdk-amd64/jre/lib/amd64/libzip.so
7fc819f98000-7fc81a197000 ---p 00008000 08:02 2627251                    /usr/lib/jvm/java-8-openjdk-amd64/jre/lib/amd64/libzip.so
7fc81a197000-7fc81a198000 r--p 00007000 08:02 2627251                    /usr/lib/jvm/java-8-openjdk-amd64/jre/lib/amd64/libzip.so
7fc81a198000-7fc81a199000 rw-p 00008000 08:02 2627251                    /usr/lib/jvm/java-8-openjdk-amd64/jre/lib/amd64/libzip.so
7fc81a199000-7fc81a1a4000 r-xp 00000000 08:02 4718634                    /lib/x86_64-linux-gnu/libnss_files-2.23.so
7fc81a1a4000-7fc81a3a3000 ---p 0000b000 08:02 4718634                    /lib/x86_64-linux-gnu/libnss_files-2.23.so
7fc81a3a3000-7fc81a3a4000 r--p 0000a000 08:02 4718634                    /lib/x86_64-linux-gnu/libnss_files-2.23.so
7fc81a3a4000-7fc81a3a5000 rw-p 0000b000 08:02 4718634                    /lib/x86_64-linux-gnu/libnss_files-2.23.so
7fc81a3a5000-7fc81a3ab000 rw-p 00000000 00:00 0 
7fc81a3ab000-7fc81a3b6000 r-xp 00000000 08:02 4718638                    /lib/x86_64-linux-gnu/libnss_nis-2.23.so
7fc81a3b6000-7fc81a5b5000 ---p 0000b000 08:02 4718638                    /lib/x86_64-linux-gnu/libnss_nis-2.23.so
7fc81a5b5000-7fc81a5b6000 r--p 0000a000 08:02 4718638                    /lib/x86_64-linux-gnu/libnss_nis-2.23.so
7fc81a5b6000-7fc81a5b7000 rw-p 0000b000 08:02 4718638                    /lib/x86_64-linux-gnu/libnss_nis-2.23.so
7fc81a5b7000-7fc81a5cd000 r-xp 00000000 08:02 4718597                    /lib/x86_64-linux-gnu/libnsl-2.23.so
7fc81a5cd000-7fc81a7cc000 ---p 00016000 08:02 4718597                    /lib/x86_64-linux-gnu/libnsl-2.23.so
7fc81a7cc000-7fc81a7cd000 r--p 00015000 08:02 4718597                    /lib/x86_64-linux-gnu/libnsl-2.23.so
7fc81a7cd000-7fc81a7ce000 rw-p 00016000 08:02 4718597                    /lib/x86_64-linux-gnu/libnsl-2.23.so
7fc81a7ce000-7fc81a7d0000 rw-p 00000000 00:00 0 
7fc81a7d0000-7fc81a7d8000 r-xp 00000000 08:02 4718629                    /lib/x86_64-linux-gnu/libnss_compat-2.23.so
7fc81a7d8000-7fc81a9d7000 ---p 00008000 08:02 4718629                    /lib/x86_64-linux-gnu/libnss_compat-2.23.so
7fc81a9d7000-7fc81a9d8000 r--p 00007000 08:02 4718629                    /lib/x86_64-linux-gnu/libnss_compat-2.23.so
7fc81a9d8000-7fc81a9d9000 rw-p 00008000 08:02 4718629                    /lib/x86_64-linux-gnu/libnss_compat-2.23.so
7fc81a9d9000-7fc81aa06000 r-xp 00000000 08:02 2627228                    /usr/lib/jvm/java-8-openjdk-amd64/jre/lib/amd64/libjava.so
7fc81aa06000-7fc81ac05000 ---p 0002d000 08:02 2627228                    /usr/lib/jvm/java-8-openjdk-amd64/jre/lib/amd64/libjava.so
7fc81ac05000-7fc81ac06000 r--p 0002c000 08:02 2627228                    /usr/lib/jvm/java-8-openjdk-amd64/jre/lib/amd64/libjava.so
7fc81ac06000-7fc81ac08000 rw-p 0002d000 08:02 2627228                    /usr/lib/jvm/java-8-openjdk-amd64/jre/lib/amd64/libjava.so
7fc81ac08000-7fc81ac17000 r-xp 00000000 08:02 2627249                    /usr/lib/jvm/java-8-openjdk-amd64/jre/lib/amd64/libverify.so
7fc81ac17000-7fc81ae16000 ---p 0000f000 08:02 2627249                    /usr/lib/jvm/java-8-openjdk-amd64/jre/lib/amd64/libverify.so
7fc81ae16000-7fc81ae18000 r--p 0000e000 08:02 2627249                    /usr/lib/jvm/java-8-openjdk-amd64/jre/lib/amd64/libverify.so
7fc81ae18000-7fc81ae19000 rw-p 00010000 08:02 2627249                    /usr/lib/jvm/java-8-openjdk-amd64/jre/lib/amd64/libverify.so
7fc81ae19000-7fc81ae20000 r-xp 00000000 08:02 4718639                    /lib/x86_64-linux-gnu/librt-2.23.so
7fc81ae20000-7fc81b01f000 ---p 00007000 08:02 4718639                    /lib/x86_64-linux-gnu/librt-2.23.so
7fc81b01f000-7fc81b020000 r--p 00006000 08:02 4718639                    /lib/x86_64-linux-gnu/librt-2.23.so
7fc81b020000-7fc81b021000 rw-p 00007000 08:02 4718639                    /lib/x86_64-linux-gnu/librt-2.23.so
7fc81b021000-7fc81b037000 r-xp 00000000 08:02 4723268                    /lib/x86_64-linux-gnu/libgcc_s.so.1
7fc81b037000-7fc81b236000 ---p 00016000 08:02 4723268                    /lib/x86_64-linux-gnu/libgcc_s.so.1
7fc81b236000-7fc81b237000 rw-p 00015000 08:02 4723268                    /lib/x86_64-linux-gnu/libgcc_s.so.1
7fc81b237000-7fc81b33f000 r-xp 00000000 08:02 4718595                    /lib/x86_64-linux-gnu/libm-2.23.so
7fc81b33f000-7fc81b53e000 ---p 00108000 08:02 4718595                    /lib/x86_64-linux-gnu/libm-2.23.so
7fc81b53e000-7fc81b53f000 r--p 00107000 08:02 4718595                    /lib/x86_64-linux-gnu/libm-2.23.so
7fc81b53f000-7fc81b540000 rw-p 00108000 08:02 4718595                    /lib/x86_64-linux-gnu/libm-2.23.so
7fc81b540000-7fc81b6b2000 r-xp 00000000 08:02 2623059                    /usr/lib/x86_64-linux-gnu/libstdc++.so.6.0.21
7fc81b6b2000-7fc81b8b2000 ---p 00172000 08:02 2623059                    /usr/lib/x86_64-linux-gnu/libstdc++.so.6.0.21
7fc81b8b2000-7fc81b8bc000 r--p 00172000 08:02 2623059                    /usr/lib/x86_64-linux-gnu/libstdc++.so.6.0.21
7fc81b8bc000-7fc81b8be000 rw-p 0017c000 08:02 2623059                    /usr/lib/x86_64-linux-gnu/libstdc++.so.6.0.21
7fc81b8be000-7fc81b8c2000 rw-p 00000000 00:00 0 
7fc81b8c2000-7fc81c514000 r-xp 00000000 08:02 2627243                    /usr/lib/jvm/java-8-openjdk-amd64/jre/lib/amd64/server/libjvm.so
7fc81c514000-7fc81c714000 ---p 00c52000 08:02 2627243                    /usr/lib/jvm/java-8-openjdk-amd64/jre/lib/amd64/server/libjvm.so
7fc81c714000-7fc81c7a7000 r--p 00c52000 08:02 2627243                    /usr/lib/jvm/java-8-openjdk-amd64/jre/lib/amd64/server/libjvm.so
7fc81c7a7000-7fc81c7d0000 rw-p 00ce5000 08:02 2627243                    /usr/lib/jvm/java-8-openjdk-amd64/jre/lib/amd64/server/libjvm.so
7fc81c7d0000-7fc81c800000 rw-p 00000000 00:00 0 
7fc81c800000-7fc81c818000 r-xp 00000000 08:02 4718609                    /lib/x86_64-linux-gnu/libpthread-2.23.so
7fc81c818000-7fc81ca17000 ---p 00018000 08:02 4718609                    /lib/x86_64-linux-gnu/libpthread-2.23.so
7fc81ca17000-7fc81ca18000 r--p 00017000 08:02 4718609                    /lib/x86_64-linux-gnu/libpthread-2.23.so
7fc81ca18000-7fc81ca19000 rw-p 00018000 08:02 4718609                    /lib/x86_64-linux-gnu/libpthread-2.23.so
7fc81ca19000-7fc81ca1d000 rw-p 00000000 00:00 0 
7fc81ca1d000-7fc81ca20000 r-xp 00000000 08:02 4718623                    /lib/x86_64-linux-gnu/libdl-2.23.so
7fc81ca20000-7fc81cc1f000 ---p 00003000 08:02 4718623                    /lib/x86_64-linux-gnu/libdl-2.23.so
7fc81cc1f000-7fc81cc20000 r--p 00002000 08:02 4718623                    /lib/x86_64-linux-gnu/libdl-2.23.so
7fc81cc20000-7fc81cc21000 rw-p 00003000 08:02 4718623                    /lib/x86_64-linux-gnu/libdl-2.23.so
7fc81cc21000-7fc81cc3a000 r-xp 00000000 08:02 4723421                    /lib/x86_64-linux-gnu/libz.so.1.2.8
7fc81cc3a000-7fc81ce39000 ---p 00019000 08:02 4723421                    /lib/x86_64-linux-gnu/libz.so.1.2.8
7fc81ce39000-7fc81ce3a000 r--p 00018000 08:02 4723421                    /lib/x86_64-linux-gnu/libz.so.1.2.8
7fc81ce3a000-7fc81ce3b000 rw-p 00019000 08:02 4723421                    /lib/x86_64-linux-gnu/libz.so.1.2.8
7fc81ce3b000-7fc81cffb000 r-xp 00000000 08:02 4718617                    /lib/x86_64-linux-gnu/libc-2.23.so
7fc81cffb000-7fc81d1fb000 ---p 001c0000 08:02 4718617                    /lib/x86_64-linux-gnu/libc-2.23.so
7fc81d1fb000-7fc81d1ff000 r--p 001c0000 08:02 4718617                    /lib/x86_64-linux-gnu/libc-2.23.so
7fc81d1ff000-7fc81d201000 rw-p 001c4000 08:02 4718617                    /lib/x86_64-linux-gnu/libc-2.23.so
7fc81d201000-7fc81d205000 rw-p 00000000 00:00 0 
7fc81d205000-7fc81d212000 r-xp 00000000 08:02 2627247                    /usr/lib/jvm/java-8-openjdk-amd64/jre/lib/amd64/jli/libjli.so
7fc81d212000-7fc81d412000 ---p 0000d000 08:02 2627247                    /usr/lib/jvm/java-8-openjdk-amd64/jre/lib/amd64/jli/libjli.so
7fc81d412000-7fc81d413000 r--p 0000d000 08:02 2627247                    /usr/lib/jvm/java-8-openjdk-amd64/jre/lib/amd64/jli/libjli.so
7fc81d413000-7fc81d414000 rw-p 0000e000 08:02 2627247                    /usr/lib/jvm/java-8-openjdk-amd64/jre/lib/amd64/jli/libjli.so
7fc81d414000-7fc81d43a000 r-xp 00000000 08:02 4718606                    /lib/x86_64-linux-gnu/ld-2.23.so
7fc81d43a000-7fc81d43b000 r--s 00000000 08:02 919201                     /home/denis/.m2/repository/org/springframework/boot/spring-boot-starter-logging/2.0.0.RELEASE/spring-boot-starter-logging-2.0.0.RELEASE.jar
7fc81d43b000-7fc81d43c000 r--s 00000000 08:02 919208                     /home/denis/.m2/repository/org/springframework/boot/spring-boot-starter/2.0.0.RELEASE/spring-boot-starter-2.0.0.RELEASE.jar
7fc81d43c000-7fc81d43e000 r--s 00002000 08:02 919674                     /home/denis/.m2/repository/org/apache/maven/surefire/surefire-logger-api/2.20.1/surefire-logger-api-2.20.1.jar
7fc81d43e000-7fc81d43f000 r--s 00002000 08:02 660313                     /home/denis/IdeaProjects/medicine/target/surefire/surefirebooter683677805871416040.jar
7fc81d43f000-7fc81d442000 r--s 0000f000 08:02 2627186                    /usr/lib/jvm/java-8-openjdk-amd64/jre/lib/ext/icedtea-sound.jar
7fc81d442000-7fc81d45d000 r--s 001d6000 08:02 2627201                    /usr/lib/jvm/java-8-openjdk-amd64/jre/lib/ext/nashorn.jar
7fc81d45d000-7fc81d519000 rw-p 00000000 00:00 0 
7fc81d519000-7fc81d51c000 ---p 00000000 00:00 0 
7fc81d51c000-7fc81d61e000 rw-p 00000000 00:00 0 
7fc81d61e000-7fc81d620000 r--s 00001000 08:02 2627208                    /usr/lib/jvm/java-8-openjdk-amd64/jre/lib/ext/dnsns.jar
7fc81d620000-7fc81d621000 r--s 0000a000 08:02 2627207                    /usr/lib/jvm/java-8-openjdk-amd64/jre/lib/ext/jaccess.jar
7fc81d621000-7fc81d627000 r--s 0003a000 08:02 2627202                    /usr/lib/jvm/java-8-openjdk-amd64/jre/lib/ext/sunjce_provider.jar
7fc81d627000-7fc81d628000 r--s 00010000 08:02 2627200                    /usr/lib/jvm/java-8-openjdk-amd64/jre/lib/ext/zipfs.jar
7fc81d628000-7fc81d62a000 r--s 00008000 08:02 2627203                    /usr/lib/jvm/java-8-openjdk-amd64/jre/lib/ext/sunec.jar
7fc81d62a000-7fc81d62e000 r--s 00037000 08:02 2627206                    /usr/lib/jvm/java-8-openjdk-amd64/jre/lib/ext/sunpkcs11.jar
7fc81d62e000-7fc81d636000 rw-s 00000000 08:02 3826563                    /tmp/hsperfdata_denis/3391
7fc81d636000-7fc81d637000 rw-p 00000000 00:00 0 
7fc81d637000-7fc81d638000 ---p 00000000 00:00 0 
7fc81d638000-7fc81d639000 rw-p 00000000 00:00 0 
7fc81d639000-7fc81d63a000 r--p 00025000 08:02 4718606                    /lib/x86_64-linux-gnu/ld-2.23.so
7fc81d63a000-7fc81d63b000 rw-p 00026000 08:02 4718606                    /lib/x86_64-linux-gnu/ld-2.23.so
7fc81d63b000-7fc81d63c000 rw-p 00000000 00:00 0 
7fff73c96000-7fff73cb8000 rw-p 00000000 00:00 0                          [stack]
7fff73d3a000-7fff73d3c000 r--p 00000000 00:00 0                          [vvar]
7fff73d3c000-7fff73d3e000 r-xp 00000000 00:00 0                          [vdso]
ffffffffff600000-ffffffffff601000 r-xp 00000000 00:00 0                  [vsyscall]

VM Arguments:
java_command: /home/denis/IdeaProjects/medicine/target/surefire/surefirebooter683677805871416040.jar /home/denis/IdeaProjects/medicine/target/surefire 2018-03-21T22-13-07_257-jvmRun1 surefire7016302840496734815tmp surefire_01751292031297289810tmp
java_class_path (initial): /home/denis/IdeaProjects/medicine/target/surefire/surefirebooter683677805871416040.jar
Launcher Type: SUN_STANDARD

Environment Variables:
JAVA_HOME=/usr/lib/jvm/java-8-openjdk-amd64
PATH=/home/denis/bin:/home/denis/.local/bin:/usr/local/sbin:/usr/local/bin:/usr/sbin:/usr/bin:/sbin:/bin:/usr/games:/usr/local/games:/snap/bin
SHELL=/bin/bash
DISPLAY=:0

Signal Handlers:
SIGSEGV: [libjvm.so+0xa69040], sa_mask[0]=11111111011111111101111111111110, sa_flags=SA_RESTART|SA_SIGINFO
SIGBUS: [libjvm.so+0xa69040], sa_mask[0]=11111111011111111101111111111110, sa_flags=SA_RESTART|SA_SIGINFO
SIGFPE: [libjvm.so+0x8b2170], sa_mask[0]=11111111011111111101111111111110, sa_flags=SA_RESTART|SA_SIGINFO
SIGPIPE: [libjvm.so+0x8b2170], sa_mask[0]=11111111011111111101111111111110, sa_flags=SA_RESTART|SA_SIGINFO
SIGXFSZ: [libjvm.so+0x8b2170], sa_mask[0]=11111111011111111101111111111110, sa_flags=SA_RESTART|SA_SIGINFO
SIGILL: [libjvm.so+0x8b2170], sa_mask[0]=11111111011111111101111111111110, sa_flags=SA_RESTART|SA_SIGINFO
SIGUSR1: SIG_DFL, sa_mask[0]=00000000000000000000000000000000, sa_flags=none
SIGUSR2: [libjvm.so+0x8b2020], sa_mask[0]=00100000000000000000000000000000, sa_flags=SA_RESTART|SA_SIGINFO
SIGHUP: [libjvm.so+0x8b24f0], sa_mask[0]=11111111011111111101111111111110, sa_flags=SA_RESTART|SA_SIGINFO
SIGINT: [libjvm.so+0x8b24f0], sa_mask[0]=11111111011111111101111111111110, sa_flags=SA_RESTART|SA_SIGINFO
SIGTERM: [libjvm.so+0x8b24f0], sa_mask[0]=11111111011111111101111111111110, sa_flags=SA_RESTART|SA_SIGINFO
SIGQUIT: [libjvm.so+0x8b24f0], sa_mask[0]=11111111011111111101111111111110, sa_flags=SA_RESTART|SA_SIGINFO


---------------  S Y S T E M  ---------------

OS:DISTRIB_ID=Ubuntu
DISTRIB_RELEASE=16.04
DISTRIB_CODENAME=xenial
DISTRIB_DESCRIPTION="Ubuntu 16.04.3 LTS"

uname:Linux 4.10.0-28-generic #32~16.04.2-Ubuntu SMP Thu Jul 20 10:19:48 UTC 2017 x86_64
libc:glibc 2.23 NPTL 2.23 
rlimit: STACK 8192k, CORE 0k, NPROC 15172, NOFILE 1048576, AS infinity
load average:9.74 4.29 2.53

/proc/meminfo:
MemTotal:        3928560 kB
MemFree:           90560 kB
MemAvailable:          0 kB
Buffers:             592 kB
Cached:           251228 kB
SwapCached:            0 kB
Active:          3429208 kB
Inactive:         239892 kB
Active(anon):    3418772 kB
Inactive(anon):   229300 kB
Active(file):      10436 kB
Inactive(file):    10592 kB
Unevictable:          84 kB
Mlocked:              84 kB
SwapTotal:             0 kB
SwapFree:              0 kB
Dirty:                 0 kB
Writeback:           272 kB
AnonPages:       3417516 kB
Mapped:            45368 kB
Shmem:            230640 kB
Slab:              63584 kB
SReclaimable:      30356 kB
SUnreclaim:        33228 kB
KernelStack:       10464 kB
PageTables:        43480 kB
NFS_Unstable:          0 kB
Bounce:                0 kB
WritebackTmp:          0 kB
CommitLimit:     1964280 kB
Committed_AS:    7864504 kB
VmallocTotal:   34359738367 kB
VmallocUsed:           0 kB
VmallocChunk:          0 kB
HardwareCorrupted:     0 kB
AnonHugePages:    798720 kB
ShmemHugePages:        0 kB
ShmemPmdMapped:        0 kB
CmaTotal:              0 kB
CmaFree:               0 kB
HugePages_Total:       0
HugePages_Free:        0
HugePages_Rsvd:        0
HugePages_Surp:        0
Hugepagesize:       2048 kB
DirectMap4k:      154368 kB
DirectMap2M:     3923968 kB


CPU:total 2 (initial active 2) (2 cores per cpu, 1 threads per core) family 6 model 55 stepping 8, cmov, cx8, fxsr, mmx, sse, sse2, sse3, ssse3, sse4.1, sse4.2, popcnt, clmul, erms, 3dnowpref, tsc, tscinvbit

/proc/cpuinfo:
processor	: 0
vendor_id	: GenuineIntel
cpu family	: 6
model		: 55
model name	: Intel(R) Celeron(R) CPU  N2840  @ 2.16GHz
stepping	: 8
microcode	: 0x809
cpu MHz		: 1833.077
cache size	: 1024 KB
physical id	: 0
siblings	: 2
core id		: 0
cpu cores	: 2
apicid		: 0
initial apicid	: 0
fpu		: yes
fpu_exception	: yes
cpuid level	: 11
wp		: yes
flags		: fpu vme de pse tsc msr pae mce cx8 apic sep mtrr pge mca cmov pat pse36 clflush dts acpi mmx fxsr sse sse2 ss ht tm pbe syscall nx rdtscp lm constant_tsc arch_perfmon pebs bts rep_good nopl xtopology tsc_reliable nonstop_tsc aperfmperf tsc_known_freq pni pclmulqdq dtes64 monitor ds_cpl vmx est tm2 ssse3 cx16 xtpr pdcm sse4_1 sse4_2 movbe popcnt tsc_deadline_timer rdrand lahf_lm 3dnowprefetch epb tpr_shadow vnmi flexpriority ept vpid tsc_adjust smep erms dtherm ida arat
bugs		:
bogomips	: 4331.60
clflush size	: 64
cache_alignment	: 64
address sizes	: 36 bits physical, 48 bits virtual
power management:

processor	: 1
vendor_id	: GenuineIntel
cpu family	: 6
model		: 55
model name	: Intel(R) Celeron(R) CPU  N2840  @ 2.16GHz
stepping	: 8
microcode	: 0x809
cpu MHz		: 2582.594
cache size	: 1024 KB
physical id	: 0
siblings	: 2
core id		: 1
cpu cores	: 2
apicid		: 2
initial apicid	: 2
fpu		: yes
fpu_exception	: yes
cpuid level	: 11
wp		: yes
flags		: fpu vme de pse tsc msr pae mce cx8 apic sep mtrr pge mca cmov pat pse36 clflush dts acpi mmx fxsr sse sse2 ss ht tm pbe syscall nx rdtscp lm constant_tsc arch_perfmon pebs bts rep_good nopl xtopology tsc_reliable nonstop_tsc aperfmperf tsc_known_freq pni pclmulqdq dtes64 monitor ds_cpl vmx est tm2 ssse3 cx16 xtpr pdcm sse4_1 sse4_2 movbe popcnt tsc_deadline_timer rdrand lahf_lm 3dnowprefetch epb tpr_shadow vnmi flexpriority ept vpid tsc_adjust smep erms dtherm ida arat
bugs		:
bogomips	: 4331.60
clflush size	: 64
cache_alignment	: 64
address sizes	: 36 bits physical, 48 bits virtual
power management:



Memory: 4k page, physical 3928560k(90560k free), swap 0k(0k free)

vm_info: OpenJDK 64-Bit Server VM (25.151-b12) for linux-amd64 JRE (1.8.0_151-8u151-b12-0ubuntu0.16.04.2-b12), built on Oct 27 2017 21:59:02 by "buildd" with gcc 5.4.0 20160609

time: Wed Mar 21 22:14:20 2018
elapsed time: 72 seconds (0d 0h 1m 12s)

